<?xml version="1.0" encoding="UTF-8"?>
<testsuite xmlns:xsi="http://www.w3.org/2001/XMLSchema-instance" xsi:noNamespaceSchemaLocation="https://maven.apache.org/surefire/maven-surefire-plugin/xsd/surefire-test-report.xsd" name="com.vansisto.PersonTest" time="0.171" tests="6" errors="0" skipped="0" failures="0">
  <properties>
[...]
</properties>
  <testcase name="validateEmailPositiveTest{String}[1]" classname="com.vansisto.PersonTest" time="0.092"/>
  <testcase name="validateEmailPositiveTest{String}[2]" classname="com.vansisto.PersonTest" time="0.002"/>
  <testcase name="validateEmailPositiveTest{String}[3]" classname="com.vansisto.PersonTest" time="0.002"/>
  <testcase name="validateEmailNegativeTest{String}[1]" classname="com.vansisto.PersonTest" time="0.002"/>
  <testcase name="validateEmailNegativeTest{String}[2]" classname="com.vansisto.PersonTest" time="0.001"/>
  <testcase name="validateEmailNegativeTest{String}[3]" classname="com.vansisto.PersonTest" time="0.001"/>
</testsuite>